SERVER -> CLIENT: 220 smtp.gmail.com ESMTP 98e67ed59e1d1-3110f0926c7sm4229107a91.27 - gsmtp

CLIENT -> SERVER: EHLO localhost

SERVER -> CLIENT: 250-smtp.gmail.com at your service, [120.29.69.138]
250-SIZE 35882577
250-8BITMIME
250-STARTTLS
250-ENHANCEDSTATUSCODES
250-PIPELINING
250-CHUNKING
250 SMTPUTF8

CLIENT -> SERVER: STARTTLS

SERVER -> CLIENT: 220 2.0.0 Ready to start TLS

CLIENT -> SERVER: EHLO localhost

SERVER -> CLIENT: 250-smtp.gmail.com at your service, [120.29.69.138]
250-SIZE 35882577
250-8BITMIME
250-AUTH LOGIN PLAIN XOAUTH2 PLAIN-CLIENTTOKEN OAUTHBEARER XOAUTH
250-ENHANCEDSTATUSCODES
250-PIPELINING
250-CHUNKING
250 SMTPUTF8

CLIENT -> SERVER: AUTH LOGIN

SERVER -> CLIENT: 334 VXNlcm5hbWU6

CLIENT -> SERVER: [credentials hidden]
SERVER -> CLIENT: 334 UGFzc3dvcmQ6

CLIENT -> SERVER: [credentials hidden]
SERVER -> CLIENT: 535-5.7.8 Username and Password not accepted. For more information, go to
535 5.7.8  https://support.google.com/mail/?p=BadCredentials 98e67ed59e1d1-3110f0926c7sm4229107a91.27 - gsmtp

SMTP ERROR: Password command failed: 535-5.7.8 Username and Password not accepted. For more information, go to
535 5.7.8  https://support.google.com/mail/?p=BadCredentials 98e67ed59e1d1-3110f0926c7sm4229107a91.27 - gsmtp

SMTP Error: Could not authenticate.
CLIENT -> SERVER: QUIT

SERVER -> CLIENT: 221 2.0.0 closing connection 98e67ed59e1d1-3110f0926c7sm4229107a91.27 - gsmtp

SMTP Error: Could not authenticate.
SERVER -> CLIENT: 220 smtp.gmail.com ESMTP 41be03b00d2f7-b2c3c3c018esm109997a12.31 - gsmtp

CLIENT -> SERVER: EHLO localhost

SERVER -> CLIENT: 250-smtp.gmail.com at your service, [120.29.69.138]
250-SIZE 35882577
250-8BITMIME
250-STARTTLS
250-ENHANCEDSTATUSCODES
250-PIPELINING
250-CHUNKING
250 SMTPUTF8

CLIENT -> SERVER: STARTTLS

SERVER -> CLIENT: 220 2.0.0 Ready to start TLS

CLIENT -> SERVER: EHLO localhost

SERVER -> CLIENT: 250-smtp.gmail.com at your service, [120.29.69.138]
250-SIZE 35882577
250-8BITMIME
250-AUTH LOGIN PLAIN XOAUTH2 PLAIN-CLIENTTOKEN OAUTHBEARER XOAUTH
250-ENHANCEDSTATUSCODES
250-PIPELINING
250-CHUNKING
250 SMTPUTF8

CLIENT -> SERVER: AUTH LOGIN

SERVER -> CLIENT: 334 VXNlcm5hbWU6

CLIENT -> SERVER: [credentials hidden]
SERVER -> CLIENT: 334 UGFzc3dvcmQ6

CLIENT -> SERVER: [credentials hidden]
SERVER -> CLIENT: 535-5.7.8 Username and Password not accepted. For more information, go to
535 5.7.8  https://support.google.com/mail/?p=BadCredentials 41be03b00d2f7-b2c3c3c018esm109997a12.31 - gsmtp

SMTP ERROR: Password command failed: 535-5.7.8 Username and Password not accepted. For more information, go to
535 5.7.8  https://support.google.com/mail/?p=BadCredentials 41be03b00d2f7-b2c3c3c018esm109997a12.31 - gsmtp

SMTP Error: Could not authenticate.
CLIENT -> SERVER: QUIT

SERVER -> CLIENT: 221 2.0.0 closing connection 41be03b00d2f7-b2c3c3c018esm109997a12.31 - gsmtp

SMTP Error: Could not authenticate.
SERVER -> CLIENT: 220 smtp.gmail.com ESMTP d9443c01a7336-23435e766dfsm22294665ad.86 - gsmtp

CLIENT -> SERVER: EHLO localhost

SERVER -> CLIENT: 250-smtp.gmail.com at your service, [120.29.69.138]
250-SIZE 35882577
250-8BITMIME
250-STARTTLS
250-ENHANCEDSTATUSCODES
250-PIPELINING
250-CHUNKING
250 SMTPUTF8

CLIENT -> SERVER: STARTTLS

SERVER -> CLIENT: 220 2.0.0 Ready to start TLS

CLIENT -> SERVER: EHLO localhost

SERVER -> CLIENT: 250-smtp.gmail.com at your service, [120.29.69.138]
250-SIZE 35882577
250-8BITMIME
250-AUTH LOGIN PLAIN XOAUTH2 PLAIN-CLIENTTOKEN OAUTHBEARER XOAUTH
250-ENHANCEDSTATUSCODES
250-PIPELINING
250-CHUNKING
250 SMTPUTF8

CLIENT -> SERVER: AUTH LOGIN

SERVER -> CLIENT: 334 VXNlcm5hbWU6

CLIENT -> SERVER: [credentials hidden]
SERVER -> CLIENT: 334 UGFzc3dvcmQ6

CLIENT -> SERVER: [credentials hidden]
SERVER -> CLIENT: 535-5.7.8 Username and Password not accepted. For more information, go to
535 5.7.8  https://support.google.com/mail/?p=BadCredentials d9443c01a7336-23435e766dfsm22294665ad.86 - gsmtp

SMTP ERROR: Password command failed: 535-5.7.8 Username and Password not accepted. For more information, go to
535 5.7.8  https://support.google.com/mail/?p=BadCredentials d9443c01a7336-23435e766dfsm22294665ad.86 - gsmtp

SMTP Error: Could not authenticate.
CLIENT -> SERVER: QUIT

SERVER -> CLIENT: 221 2.0.0 closing connection d9443c01a7336-23435e766dfsm22294665ad.86 - gsmtp

SMTP Error: Could not authenticate.
SERVER -> CLIENT: 220 smtp.gmail.com ESMTP 98e67ed59e1d1-30f36386944sm11416854a91.14 - gsmtp

CLIENT -> SERVER: EHLO localhost

SERVER -> CLIENT: 250-smtp.gmail.com at your service, [120.29.69.138]
250-SIZE 35882577
250-8BITMIME
250-STARTTLS
250-ENHANCEDSTATUSCODES
250-PIPELINING
250-CHUNKING
250 SMTPUTF8

CLIENT -> SERVER: STARTTLS

SERVER -> CLIENT: 220 2.0.0 Ready to start TLS

CLIENT -> SERVER: EHLO localhost

SERVER -> CLIENT: 250-smtp.gmail.com at your service, [120.29.69.138]
250-SIZE 35882577
250-8BITMIME
250-AUTH LOGIN PLAIN XOAUTH2 PLAIN-CLIENTTOKEN OAUTHBEARER XOAUTH
250-ENHANCEDSTATUSCODES
250-PIPELINING
250-CHUNKING
250 SMTPUTF8

CLIENT -> SERVER: AUTH LOGIN

SERVER -> CLIENT: 334 VXNlcm5hbWU6

CLIENT -> SERVER: [credentials hidden]
SERVER -> CLIENT: 334 UGFzc3dvcmQ6

CLIENT -> SERVER: [credentials hidden]
SERVER -> CLIENT: 535-5.7.8 Username and Password not accepted. For more information, go to
535 5.7.8  https://support.google.com/mail/?p=BadCredentials 98e67ed59e1d1-30f36386944sm11416854a91.14 - gsmtp

SMTP ERROR: Password command failed: 535-5.7.8 Username and Password not accepted. For more information, go to
535 5.7.8  https://support.google.com/mail/?p=BadCredentials 98e67ed59e1d1-30f36386944sm11416854a91.14 - gsmtp

SMTP Error: Could not authenticate.
CLIENT -> SERVER: QUIT

SERVER -> CLIENT: 221 2.0.0 closing connection 98e67ed59e1d1-30f36386944sm11416854a91.14 - gsmtp

SMTP Error: Could not authenticate.
SERVER -> CLIENT: 220 smtp.gmail.com ESMTP d9443c01a7336-234308a4b65sm24530095ad.90 - gsmtp

CLIENT -> SERVER: EHLO localhost

SERVER -> CLIENT: 250-smtp.gmail.com at your service, [120.29.69.138]
250-SIZE 35882577
250-8BITMIME
250-STARTTLS
250-ENHANCEDSTATUSCODES
250-PIPELINING
250-CHUNKING
250 SMTPUTF8

CLIENT -> SERVER: STARTTLS

SERVER -> CLIENT: 220 2.0.0 Ready to start TLS

CLIENT -> SERVER: EHLO localhost

SERVER -> CLIENT: 250-smtp.gmail.com at your service, [120.29.69.138]
250-SIZE 35882577
250-8BITMIME
250-AUTH LOGIN PLAIN XOAUTH2 PLAIN-CLIENTTOKEN OAUTHBEARER XOAUTH
250-ENHANCEDSTATUSCODES
250-PIPELINING
250-CHUNKING
250 SMTPUTF8

CLIENT -> SERVER: AUTH LOGIN

SERVER -> CLIENT: 334 VXNlcm5hbWU6

CLIENT -> SERVER: [credentials hidden]
SERVER -> CLIENT: 334 UGFzc3dvcmQ6

CLIENT -> SERVER: [credentials hidden]
SERVER -> CLIENT: 535-5.7.8 Username and Password not accepted. For more information, go to
535 5.7.8  https://support.google.com/mail/?p=BadCredentials d9443c01a7336-234308a4b65sm24530095ad.90 - gsmtp

SMTP ERROR: Password command failed: 535-5.7.8 Username and Password not accepted. For more information, go to
535 5.7.8  https://support.google.com/mail/?p=BadCredentials d9443c01a7336-234308a4b65sm24530095ad.90 - gsmtp

SMTP Error: Could not authenticate.
CLIENT -> SERVER: QUIT

SERVER -> CLIENT: 221 2.0.0 closing connection d9443c01a7336-234308a4b65sm24530095ad.90 - gsmtp

SMTP Error: Could not authenticate.
SERVER -> CLIENT: 220 smtp.gmail.com ESMTP d9443c01a7336-2344797f61bsm17261895ad.74 - gsmtp

CLIENT -> SERVER: EHLO localhost

SERVER -> CLIENT: 250-smtp.gmail.com at your service, [120.29.69.138]
250-SIZE 35882577
250-8BITMIME
250-STARTTLS
250-ENHANCEDSTATUSCODES
250-PIPELINING
250-CHUNKING
250 SMTPUTF8

CLIENT -> SERVER: STARTTLS

SERVER -> CLIENT: 220 2.0.0 Ready to start TLS

CLIENT -> SERVER: EHLO localhost

SERVER -> CLIENT: 250-smtp.gmail.com at your service, [120.29.69.138]
250-SIZE 35882577
250-8BITMIME
250-AUTH LOGIN PLAIN XOAUTH2 PLAIN-CLIENTTOKEN OAUTHBEARER XOAUTH
250-ENHANCEDSTATUSCODES
250-PIPELINING
250-CHUNKING
250 SMTPUTF8

CLIENT -> SERVER: AUTH LOGIN

SERVER -> CLIENT: 334 VXNlcm5hbWU6

CLIENT -> SERVER: [credentials hidden]
SERVER -> CLIENT: 334 UGFzc3dvcmQ6

CLIENT -> SERVER: [credentials hidden]
SERVER -> CLIENT: 535-5.7.8 Username and Password not accepted. For more information, go to
535 5.7.8  https://support.google.com/mail/?p=BadCredentials d9443c01a7336-2344797f61bsm17261895ad.74 - gsmtp

SMTP ERROR: Password command failed: 535-5.7.8 Username and Password not accepted. For more information, go to
535 5.7.8  https://support.google.com/mail/?p=BadCredentials d9443c01a7336-2344797f61bsm17261895ad.74 - gsmtp

SMTP Error: Could not authenticate.
CLIENT -> SERVER: QUIT

SERVER -> CLIENT: 221 2.0.0 closing connection d9443c01a7336-2344797f61bsm17261895ad.74 - gsmtp

SMTP Error: Could not authenticate.
SERVER -> CLIENT: 220 smtp.gmail.com ESMTP 98e67ed59e1d1-30f365c4ee3sm11488609a91.18 - gsmtp

CLIENT -> SERVER: EHLO localhost

SERVER -> CLIENT: 250-smtp.gmail.com at your service, [120.29.69.138]
250-SIZE 35882577
250-8BITMIME
250-STARTTLS
250-ENHANCEDSTATUSCODES
250-PIPELINING
250-CHUNKING
250 SMTPUTF8

CLIENT -> SERVER: STARTTLS

SERVER -> CLIENT: 220 2.0.0 Ready to start TLS

CLIENT -> SERVER: EHLO localhost

SERVER -> CLIENT: 250-smtp.gmail.com at your service, [120.29.69.138]
250-SIZE 35882577
250-8BITMIME
250-AUTH LOGIN PLAIN XOAUTH2 PLAIN-CLIENTTOKEN OAUTHBEARER XOAUTH
250-ENHANCEDSTATUSCODES
250-PIPELINING
250-CHUNKING
250 SMTPUTF8

CLIENT -> SERVER: AUTH LOGIN

SERVER -> CLIENT: 334 VXNlcm5hbWU6

CLIENT -> SERVER: [credentials hidden]
SERVER -> CLIENT: 334 UGFzc3dvcmQ6

CLIENT -> SERVER: [credentials hidden]
SERVER -> CLIENT: 535-5.7.8 Username and Password not accepted. For more information, go to
535 5.7.8  https://support.google.com/mail/?p=BadCredentials 98e67ed59e1d1-30f365c4ee3sm11488609a91.18 - gsmtp

SMTP ERROR: Password command failed: 535-5.7.8 Username and Password not accepted. For more information, go to
535 5.7.8  https://support.google.com/mail/?p=BadCredentials 98e67ed59e1d1-30f365c4ee3sm11488609a91.18 - gsmtp

SMTP Error: Could not authenticate.
CLIENT -> SERVER: QUIT

SERVER -> CLIENT: 221 2.0.0 closing connection 98e67ed59e1d1-30f365c4ee3sm11488609a91.18 - gsmtp

SMTP Error: Could not authenticate.
SERVER -> CLIENT: 220 smtp.gmail.com ESMTP d9443c01a7336-23211e75f58sm135079065ad.252 - gsmtp

CLIENT -> SERVER: EHLO localhost

SERVER -> CLIENT: 250-smtp.gmail.com at your service, [120.29.69.138]
250-SIZE 35882577
250-8BITMIME
250-STARTTLS
250-ENHANCEDSTATUSCODES
250-PIPELINING
250-CHUNKING
250 SMTPUTF8

CLIENT -> SERVER: STARTTLS

SERVER -> CLIENT: 220 2.0.0 Ready to start TLS

CLIENT -> SERVER: EHLO localhost

SERVER -> CLIENT: 250-smtp.gmail.com at your service, [120.29.69.138]
250-SIZE 35882577
250-8BITMIME
250-AUTH LOGIN PLAIN XOAUTH2 PLAIN-CLIENTTOKEN OAUTHBEARER XOAUTH
250-ENHANCEDSTATUSCODES
250-PIPELINING
250-CHUNKING
250 SMTPUTF8

CLIENT -> SERVER: AUTH LOGIN

SERVER -> CLIENT: 334 VXNlcm5hbWU6

CLIENT -> SERVER: [credentials hidden]
SERVER -> CLIENT: 334 UGFzc3dvcmQ6

CLIENT -> SERVER: [credentials hidden]
SERVER -> CLIENT: 535-5.7.8 Username and Password not accepted. For more information, go to
535 5.7.8  https://support.google.com/mail/?p=BadCredentials d9443c01a7336-23211e75f58sm135079065ad.252 - gsmtp

SMTP ERROR: Password command failed: 535-5.7.8 Username and Password not accepted. For more information, go to
535 5.7.8  https://support.google.com/mail/?p=BadCredentials d9443c01a7336-23211e75f58sm135079065ad.252 - gsmtp

SMTP Error: Could not authenticate.
CLIENT -> SERVER: QUIT

SERVER -> CLIENT: 221 2.0.0 closing connection d9443c01a7336-23211e75f58sm135079065ad.252 - gsmtp

SMTP Error: Could not authenticate.
SERVER -> CLIENT: 220 smtp.gmail.com ESMTP d9443c01a7336-233fbf05138sm44698565ad.118 - gsmtp

CLIENT -> SERVER: EHLO localhost

SERVER -> CLIENT: 250-smtp.gmail.com at your service, [120.29.69.138]
250-SIZE 35882577
250-8BITMIME
250-STARTTLS
250-ENHANCEDSTATUSCODES
250-PIPELINING
250-CHUNKING
250 SMTPUTF8

CLIENT -> SERVER: STARTTLS

SERVER -> CLIENT: 220 2.0.0 Ready to start TLS

CLIENT -> SERVER: EHLO localhost

SERVER -> CLIENT: 250-smtp.gmail.com at your service, [120.29.69.138]
250-SIZE 35882577
250-8BITMIME
250-AUTH LOGIN PLAIN XOAUTH2 PLAIN-CLIENTTOKEN OAUTHBEARER XOAUTH
250-ENHANCEDSTATUSCODES
250-PIPELINING
250-CHUNKING
250 SMTPUTF8

CLIENT -> SERVER: AUTH LOGIN

SERVER -> CLIENT: 334 VXNlcm5hbWU6

CLIENT -> SERVER: [credentials hidden]
SERVER -> CLIENT: 334 UGFzc3dvcmQ6

CLIENT -> SERVER: [credentials hidden]
SERVER -> CLIENT: 535-5.7.8 Username and Password not accepted. For more information, go to
535 5.7.8  https://support.google.com/mail/?p=BadCredentials d9443c01a7336-233fbf05138sm44698565ad.118 - gsmtp

SMTP ERROR: Password command failed: 535-5.7.8 Username and Password not accepted. For more information, go to
535 5.7.8  https://support.google.com/mail/?p=BadCredentials d9443c01a7336-233fbf05138sm44698565ad.118 - gsmtp

SMTP Error: Could not authenticate.
CLIENT -> SERVER: QUIT

SERVER -> CLIENT: 221 2.0.0 closing connection d9443c01a7336-233fbf05138sm44698565ad.118 - gsmtp

SMTP Error: Could not authenticate.
SERVER -> CLIENT: 220 smtp.gmail.com ESMTP 98e67ed59e1d1-310f8faa31bsm4643635a91.19 - gsmtp

CLIENT -> SERVER: EHLO localhost

SERVER -> CLIENT: 250-smtp.gmail.com at your service, [120.29.69.138]
250-SIZE 35882577
250-8BITMIME
250-STARTTLS
250-ENHANCEDSTATUSCODES
250-PIPELINING
250-CHUNKING
250 SMTPUTF8

CLIENT -> SERVER: STARTTLS

SERVER -> CLIENT: 220 2.0.0 Ready to start TLS

CLIENT -> SERVER: EHLO localhost

SERVER -> CLIENT: 250-smtp.gmail.com at your service, [120.29.69.138]
250-SIZE 35882577
250-8BITMIME
250-AUTH LOGIN PLAIN XOAUTH2 PLAIN-CLIENTTOKEN OAUTHBEARER XOAUTH
250-ENHANCEDSTATUSCODES
250-PIPELINING
250-CHUNKING
250 SMTPUTF8

CLIENT -> SERVER: AUTH LOGIN

SERVER -> CLIENT: 334 VXNlcm5hbWU6

CLIENT -> SERVER: [credentials hidden]
SERVER -> CLIENT: 334 UGFzc3dvcmQ6

CLIENT -> SERVER: [credentials hidden]
SERVER -> CLIENT: 535-5.7.8 Username and Password not accepted. For more information, go to
535 5.7.8  https://support.google.com/mail/?p=BadCredentials 98e67ed59e1d1-310f8faa31bsm4643635a91.19 - gsmtp

SMTP ERROR: Password command failed: 535-5.7.8 Username and Password not accepted. For more information, go to
535 5.7.8  https://support.google.com/mail/?p=BadCredentials 98e67ed59e1d1-310f8faa31bsm4643635a91.19 - gsmtp

SMTP Error: Could not authenticate.
CLIENT -> SERVER: QUIT

SERVER -> CLIENT: 221 2.0.0 closing connection 98e67ed59e1d1-310f8faa31bsm4643635a91.19 - gsmtp

SMTP Error: Could not authenticate.
SERVER -> CLIENT: 220 smtp.gmail.com ESMTP d9443c01a7336-234239e8d66sm30308485ad.29 - gsmtp

CLIENT -> SERVER: EHLO localhost

SERVER -> CLIENT: 250-smtp.gmail.com at your service, [120.29.69.138]
250-SIZE 35882577
250-8BITMIME
250-AUTH LOGIN PLAIN XOAUTH2 PLAIN-CLIENTTOKEN OAUTHBEARER XOAUTH
250-ENHANCEDSTATUSCODES
250-PIPELINING
250-CHUNKING
250 SMTPUTF8

CLIENT -> SERVER: AUTH LOGIN

SERVER -> CLIENT: 334 VXNlcm5hbWU6

CLIENT -> SERVER: [credentials hidden]
SERVER -> CLIENT: 334 UGFzc3dvcmQ6

CLIENT -> SERVER: [credentials hidden]
SERVER -> CLIENT: 535-5.7.8 Username and Password not accepted. For more information, go to
535 5.7.8  https://support.google.com/mail/?p=BadCredentials d9443c01a7336-234239e8d66sm30308485ad.29 - gsmtp

SMTP ERROR: Password command failed: 535-5.7.8 Username and Password not accepted. For more information, go to
535 5.7.8  https://support.google.com/mail/?p=BadCredentials d9443c01a7336-234239e8d66sm30308485ad.29 - gsmtp

SMTP Error: Could not authenticate.
CLIENT -> SERVER: QUIT

SERVER -> CLIENT: 221 2.0.0 closing connection d9443c01a7336-234239e8d66sm30308485ad.29 - gsmtp

SMTP Error: Could not authenticate.
SERVER -> CLIENT: 220 smtp.gmail.com ESMTP d9443c01a7336-2345948c2bbsm12597055ad.49 - gsmtp

CLIENT -> SERVER: EHLO localhost

SERVER -> CLIENT: 250-smtp.gmail.com at your service, [120.29.69.138]
250-SIZE 35882577
250-8BITMIME
250-AUTH LOGIN PLAIN XOAUTH2 PLAIN-CLIENTTOKEN OAUTHBEARER XOAUTH
250-ENHANCEDSTATUSCODES
250-PIPELINING
250-CHUNKING
250 SMTPUTF8

CLIENT -> SERVER: AUTH LOGIN

SERVER -> CLIENT: 334 VXNlcm5hbWU6

CLIENT -> SERVER: [credentials hidden]
SERVER -> CLIENT: 334 UGFzc3dvcmQ6

CLIENT -> SERVER: [credentials hidden]
SERVER -> CLIENT: 535-5.7.8 Username and Password not accepted. For more information, go to
535 5.7.8  https://support.google.com/mail/?p=BadCredentials d9443c01a7336-2345948c2bbsm12597055ad.49 - gsmtp

SMTP ERROR: Password command failed: 535-5.7.8 Username and Password not accepted. For more information, go to
535 5.7.8  https://support.google.com/mail/?p=BadCredentials d9443c01a7336-2345948c2bbsm12597055ad.49 - gsmtp

SMTP Error: Could not authenticate.
CLIENT -> SERVER: QUIT

SERVER -> CLIENT: 221 2.0.0 closing connection d9443c01a7336-2345948c2bbsm12597055ad.49 - gsmtp

SMTP Error: Could not authenticate.
SERVER -> CLIENT: 220 smtp.gmail.com ESMTP d2e1a72fcca58-7461e9c7836sm129364b3a.106 - gsmtp

CLIENT -> SERVER: EHLO localhost

SERVER -> CLIENT: 250-smtp.gmail.com at your service, [120.29.69.138]
250-SIZE 35882577
250-8BITMIME
250-AUTH LOGIN PLAIN XOAUTH2 PLAIN-CLIENTTOKEN OAUTHBEARER XOAUTH
250-ENHANCEDSTATUSCODES
250-PIPELINING
250-CHUNKING
250 SMTPUTF8

CLIENT -> SERVER: AUTH LOGIN

SERVER -> CLIENT: 334 VXNlcm5hbWU6

CLIENT -> SERVER: [credentials hidden]
SERVER -> CLIENT: 334 UGFzc3dvcmQ6

CLIENT -> SERVER: [credentials hidden]
SERVER -> CLIENT: 535-5.7.8 Username and Password not accepted. For more information, go to
535 5.7.8  https://support.google.com/mail/?p=BadCredentials d2e1a72fcca58-7461e9c7836sm129364b3a.106 - gsmtp

SMTP ERROR: Password command failed: 535-5.7.8 Username and Password not accepted. For more information, go to
535 5.7.8  https://support.google.com/mail/?p=BadCredentials d2e1a72fcca58-7461e9c7836sm129364b3a.106 - gsmtp

SMTP Error: Could not authenticate.
CLIENT -> SERVER: QUIT

SERVER -> CLIENT: 221 2.0.0 closing connection d2e1a72fcca58-7461e9c7836sm129364b3a.106 - gsmtp

SMTP Error: Could not authenticate.
SERVER -> CLIENT: 220 smtp.gmail.com ESMTP d2e1a72fcca58-742a96def96sm16922607b3a.14 - gsmtp

CLIENT -> SERVER: EHLO localhost

SERVER -> CLIENT: 250-smtp.gmail.com at your service, [120.29.69.138]
250-SIZE 35882577
250-8BITMIME
250-AUTH LOGIN PLAIN XOAUTH2 PLAIN-CLIENTTOKEN OAUTHBEARER XOAUTH
250-ENHANCEDSTATUSCODES
250-PIPELINING
250-CHUNKING
250 SMTPUTF8

CLIENT -> SERVER: AUTH LOGIN

SERVER -> CLIENT: 334 VXNlcm5hbWU6

CLIENT -> SERVER: [credentials hidden]
SERVER -> CLIENT: 334 UGFzc3dvcmQ6

CLIENT -> SERVER: [credentials hidden]
SERVER -> CLIENT: 535-5.7.8 Username and Password not accepted. For more information, go to
535 5.7.8  https://support.google.com/mail/?p=BadCredentials d2e1a72fcca58-742a96def96sm16922607b3a.14 - gsmtp

SMTP ERROR: Password command failed: 535-5.7.8 Username and Password not accepted. For more information, go to
535 5.7.8  https://support.google.com/mail/?p=BadCredentials d2e1a72fcca58-742a96def96sm16922607b3a.14 - gsmtp

SMTP Error: Could not authenticate.
CLIENT -> SERVER: QUIT

SERVER -> CLIENT: 221 2.0.0 closing connection d2e1a72fcca58-742a96def96sm16922607b3a.14 - gsmtp

SMTP Error: Could not authenticate.
SERVER -> CLIENT: 220 smtp.gmail.com ESMTP d9443c01a7336-2344797f6f2sm19539955ad.156 - gsmtp

CLIENT -> SERVER: EHLO localhost

SERVER -> CLIENT: 250-smtp.gmail.com at your service, [120.29.69.138]
250-SIZE 35882577
250-8BITMIME
250-AUTH LOGIN PLAIN XOAUTH2 PLAIN-CLIENTTOKEN OAUTHBEARER XOAUTH
250-ENHANCEDSTATUSCODES
250-PIPELINING
250-CHUNKING
250 SMTPUTF8

CLIENT -> SERVER: AUTH LOGIN

SERVER -> CLIENT: 334 VXNlcm5hbWU6

CLIENT -> SERVER: [credentials hidden]
SERVER -> CLIENT: 334 UGFzc3dvcmQ6

CLIENT -> SERVER: [credentials hidden]
SERVER -> CLIENT: 535-5.7.8 Username and Password not accepted. For more information, go to
535 5.7.8  https://support.google.com/mail/?p=BadCredentials d9443c01a7336-2344797f6f2sm19539955ad.156 - gsmtp

SMTP ERROR: Password command failed: 535-5.7.8 Username and Password not accepted. For more information, go to
535 5.7.8  https://support.google.com/mail/?p=BadCredentials d9443c01a7336-2344797f6f2sm19539955ad.156 - gsmtp

SMTP Error: Could not authenticate.
CLIENT -> SERVER: QUIT

SERVER -> CLIENT: 221 2.0.0 closing connection d9443c01a7336-2344797f6f2sm19539955ad.156 - gsmtp

SMTP Error: Could not authenticate.
SERVER -> CLIENT: 220 smtp.gmail.com ESMTP 98e67ed59e1d1-310cec3f320sm7199337a91.9 - gsmtp

CLIENT -> SERVER: EHLO localhost

SERVER -> CLIENT: 250-smtp.gmail.com at your service, [120.29.69.138]
250-SIZE 35882577
250-8BITMIME
250-AUTH LOGIN PLAIN XOAUTH2 PLAIN-CLIENTTOKEN OAUTHBEARER XOAUTH
250-ENHANCEDSTATUSCODES
250-PIPELINING
250-CHUNKING
250 SMTPUTF8

CLIENT -> SERVER: AUTH LOGIN

SERVER -> CLIENT: 334 VXNlcm5hbWU6

CLIENT -> SERVER: [credentials hidden]
SERVER -> CLIENT: 334 UGFzc3dvcmQ6

CLIENT -> SERVER: [credentials hidden]
SERVER -> CLIENT: 535-5.7.8 Username and Password not accepted. For more information, go to
535 5.7.8  https://support.google.com/mail/?p=BadCredentials 98e67ed59e1d1-310cec3f320sm7199337a91.9 - gsmtp

SMTP ERROR: Password command failed: 535-5.7.8 Username and Password not accepted. For more information, go to
535 5.7.8  https://support.google.com/mail/?p=BadCredentials 98e67ed59e1d1-310cec3f320sm7199337a91.9 - gsmtp

SMTP Error: Could not authenticate.
CLIENT -> SERVER: QUIT

SERVER -> CLIENT: 221 2.0.0 closing connection 98e67ed59e1d1-310cec3f320sm7199337a91.9 - gsmtp

SMTP Error: Could not authenticate.
SERVER -> CLIENT: 220 smtp.gmail.com ESMTP d2e1a72fcca58-745f73f4b29sm4403779b3a.21 - gsmtp

CLIENT -> SERVER: EHLO localhost

SERVER -> CLIENT: 250-smtp.gmail.com at your service, [120.29.69.138]
250-SIZE 35882577
250-8BITMIME
250-STARTTLS
250-ENHANCEDSTATUSCODES
250-PIPELINING
250-CHUNKING
250 SMTPUTF8

CLIENT -> SERVER: STARTTLS

SERVER -> CLIENT: 220 2.0.0 Ready to start TLS

CLIENT -> SERVER: EHLO localhost

SERVER -> CLIENT: 250-smtp.gmail.com at your service, [120.29.69.138]
250-SIZE 35882577
250-8BITMIME
250-AUTH LOGIN PLAIN XOAUTH2 PLAIN-CLIENTTOKEN OAUTHBEARER XOAUTH
250-ENHANCEDSTATUSCODES
250-PIPELINING
250-CHUNKING
250 SMTPUTF8

CLIENT -> SERVER: AUTH LOGIN

SERVER -> CLIENT: 334 VXNlcm5hbWU6

CLIENT -> SERVER: [credentials hidden]
SERVER -> CLIENT: 334 UGFzc3dvcmQ6

CLIENT -> SERVER: [credentials hidden]
SERVER -> CLIENT: 535-5.7.8 Username and Password not accepted. For more information, go to
535 5.7.8  https://support.google.com/mail/?p=BadCredentials d2e1a72fcca58-745f73f4b29sm4403779b3a.21 - gsmtp

SMTP ERROR: Password command failed: 535-5.7.8 Username and Password not accepted. For more information, go to
535 5.7.8  https://support.google.com/mail/?p=BadCredentials d2e1a72fcca58-745f73f4b29sm4403779b3a.21 - gsmtp

SMTP Error: Could not authenticate.
CLIENT -> SERVER: QUIT

SERVER -> CLIENT: 221 2.0.0 closing connection d2e1a72fcca58-745f73f4b29sm4403779b3a.21 - gsmtp

SMTP Error: Could not authenticate.
SERVER -> CLIENT: 220 smtp.gmail.com ESMTP d9443c01a7336-234561d86d5sm15654715ad.64 - gsmtp

CLIENT -> SERVER: EHLO localhost

SERVER -> CLIENT: 250-smtp.gmail.com at your service, [120.29.69.138]
250-SIZE 35882577
250-8BITMIME
250-STARTTLS
250-ENHANCEDSTATUSCODES
250-PIPELINING
250-CHUNKING
250 SMTPUTF8

CLIENT -> SERVER: STARTTLS

SERVER -> CLIENT: 220 2.0.0 Ready to start TLS

CLIENT -> SERVER: EHLO localhost

SERVER -> CLIENT: 250-smtp.gmail.com at your service, [120.29.69.138]
250-SIZE 35882577
250-8BITMIME
250-AUTH LOGIN PLAIN XOAUTH2 PLAIN-CLIENTTOKEN OAUTHBEARER XOAUTH
250-ENHANCEDSTATUSCODES
250-PIPELINING
250-CHUNKING
250 SMTPUTF8

CLIENT -> SERVER: AUTH LOGIN

SERVER -> CLIENT: 334 VXNlcm5hbWU6

CLIENT -> SERVER: [credentials hidden]
SERVER -> CLIENT: 334 UGFzc3dvcmQ6

CLIENT -> SERVER: [credentials hidden]
SERVER -> CLIENT: 535-5.7.8 Username and Password not accepted. For more information, go to
535 5.7.8  https://support.google.com/mail/?p=BadCredentials d9443c01a7336-234561d86d5sm15654715ad.64 - gsmtp

SMTP ERROR: Password command failed: 535-5.7.8 Username and Password not accepted. For more information, go to
535 5.7.8  https://support.google.com/mail/?p=BadCredentials d9443c01a7336-234561d86d5sm15654715ad.64 - gsmtp

SMTP Error: Could not authenticate.
CLIENT -> SERVER: QUIT

SERVER -> CLIENT: 221 2.0.0 closing connection d9443c01a7336-234561d86d5sm15654715ad.64 - gsmtp

SMTP Error: Could not authenticate.
SERVER -> CLIENT: 220 smtp.gmail.com ESMTP d2e1a72fcca58-742a98770c2sm16608305b3a.150 - gsmtp

CLIENT -> SERVER: EHLO localhost

SERVER -> CLIENT: 250-smtp.gmail.com at your service, [120.29.69.138]
250-SIZE 35882577
250-8BITMIME
250-STARTTLS
250-ENHANCEDSTATUSCODES
250-PIPELINING
250-CHUNKING
250 SMTPUTF8

CLIENT -> SERVER: STARTTLS

SERVER -> CLIENT: 220 2.0.0 Ready to start TLS

CLIENT -> SERVER: EHLO localhost

SERVER -> CLIENT: 250-smtp.gmail.com at your service, [120.29.69.138]
250-SIZE 35882577
250-8BITMIME
250-AUTH LOGIN PLAIN XOAUTH2 PLAIN-CLIENTTOKEN OAUTHBEARER XOAUTH
250-ENHANCEDSTATUSCODES
250-PIPELINING
250-CHUNKING
250 SMTPUTF8

CLIENT -> SERVER: AUTH LOGIN

SERVER -> CLIENT: 334 VXNlcm5hbWU6

CLIENT -> SERVER: [credentials hidden]
SERVER -> CLIENT: 334 UGFzc3dvcmQ6

CLIENT -> SERVER: [credentials hidden]
SERVER -> CLIENT: 535-5.7.8 Username and Password not accepted. For more information, go to
535 5.7.8  https://support.google.com/mail/?p=BadCredentials d2e1a72fcca58-742a98770c2sm16608305b3a.150 - gsmtp

SMTP ERROR: Password command failed: 535-5.7.8 Username and Password not accepted. For more information, go to
535 5.7.8  https://support.google.com/mail/?p=BadCredentials d2e1a72fcca58-742a98770c2sm16608305b3a.150 - gsmtp

SMTP Error: Could not authenticate.
CLIENT -> SERVER: QUIT

SERVER -> CLIENT: 221 2.0.0 closing connection d2e1a72fcca58-742a98770c2sm16608305b3a.150 - gsmtp

SMTP Error: Could not authenticate.
SERVER -> CLIENT: 220 smtp.gmail.com ESMTP d9443c01a7336-2341ccad714sm34789435ad.179 - gsmtp

CLIENT -> SERVER: EHLO localhost

SERVER -> CLIENT: 250-smtp.gmail.com at your service, [120.29.69.138]
250-SIZE 35882577
250-8BITMIME
250-STARTTLS
250-ENHANCEDSTATUSCODES
250-PIPELINING
250-CHUNKING
250 SMTPUTF8

CLIENT -> SERVER: STARTTLS

SERVER -> CLIENT: 220 2.0.0 Ready to start TLS

CLIENT -> SERVER: EHLO localhost

SERVER -> CLIENT: 250-smtp.gmail.com at your service, [120.29.69.138]
250-SIZE 35882577
250-8BITMIME
250-AUTH LOGIN PLAIN XOAUTH2 PLAIN-CLIENTTOKEN OAUTHBEARER XOAUTH
250-ENHANCEDSTATUSCODES
250-PIPELINING
250-CHUNKING
250 SMTPUTF8

CLIENT -> SERVER: AUTH LOGIN

SERVER -> CLIENT: 334 VXNlcm5hbWU6

CLIENT -> SERVER: [credentials hidden]
SERVER -> CLIENT: 334 UGFzc3dvcmQ6

CLIENT -> SERVER: [credentials hidden]
SERVER -> CLIENT: 535-5.7.8 Username and Password not accepted. For more information, go to
535 5.7.8  https://support.google.com/mail/?p=BadCredentials d9443c01a7336-2341ccad714sm34789435ad.179 - gsmtp

SMTP ERROR: Password command failed: 535-5.7.8 Username and Password not accepted. For more information, go to
535 5.7.8  https://support.google.com/mail/?p=BadCredentials d9443c01a7336-2341ccad714sm34789435ad.179 - gsmtp

SMTP Error: Could not authenticate.
CLIENT -> SERVER: QUIT

SERVER -> CLIENT: 221 2.0.0 closing connection d9443c01a7336-2341ccad714sm34789435ad.179 - gsmtp

SMTP Error: Could not authenticate.
SERVER -> CLIENT: 220 smtp.gmail.com ESMTP d9443c01a7336-2348a187351sm3318225ad.94 - gsmtp

CLIENT -> SERVER: EHLO localhost

SERVER -> CLIENT: 250-smtp.gmail.com at your service, [120.29.69.138]
250-SIZE 35882577
250-8BITMIME
250-STARTTLS
250-ENHANCEDSTATUSCODES
250-PIPELINING
250-CHUNKING
250 SMTPUTF8

CLIENT -> SERVER: STARTTLS

SERVER -> CLIENT: 220 2.0.0 Ready to start TLS

CLIENT -> SERVER: EHLO localhost

SERVER -> CLIENT: 250-smtp.gmail.com at your service, [120.29.69.138]
250-SIZE 35882577
250-8BITMIME
250-AUTH LOGIN PLAIN XOAUTH2 PLAIN-CLIENTTOKEN OAUTHBEARER XOAUTH
250-ENHANCEDSTATUSCODES
250-PIPELINING
250-CHUNKING
250 SMTPUTF8

CLIENT -> SERVER: AUTH LOGIN

SERVER -> CLIENT: 334 VXNlcm5hbWU6

CLIENT -> SERVER: [credentials hidden]
SERVER -> CLIENT: 334 UGFzc3dvcmQ6

CLIENT -> SERVER: [credentials hidden]
SERVER -> CLIENT: 235 2.7.0 Accepted

CLIENT -> SERVER: MAIL FROM:<your_new_gmail@gmail.com>

SERVER -> CLIENT: 250 2.1.0 OK d9443c01a7336-2348a187351sm3318225ad.94 - gsmtp

CLIENT -> SERVER: RCPT TO:<donpogi35@gmail.com>

SERVER -> CLIENT: 250 2.1.5 OK d9443c01a7336-2348a187351sm3318225ad.94 - gsmtp

CLIENT -> SERVER: DATA

SERVER -> CLIENT: 354 Go ahead d9443c01a7336-2348a187351sm3318225ad.94 - gsmtp

CLIENT -> SERVER: Date: Mon, 26 May 2025 13:34:07 +0200

CLIENT -> SERVER: To: donpogi35@gmail.com

CLIENT -> SERVER: From: PFRolex <your_new_gmail@gmail.com>

CLIENT -> SERVER: Subject: PFRolex Account Verification

CLIENT -> SERVER: Message-ID: <kma6knRy8BC0kwR75F8VOnOuCnkpWO5JTyUzxZ3mPuU@localhost>

CLIENT -> SERVER: X-Mailer: PHPMailer 6.10.0 (https://github.com/PHPMailer/PHPMailer)

CLIENT -> SERVER: MIME-Version: 1.0

CLIENT -> SERVER: Content-Type: text/html; charset=iso-8859-1

CLIENT -> SERVER: 

CLIENT -> SERVER: <h2>Welcome to PFRolex!</h2><p>Click the link below to verify your email and activate your account:</p><a href='http://localhost/RolexniMossingv2/verify.php?token=40754d667b04d1b83615b75f7594af0a'>http://localhost/RolexniMossingv2/verify.php?token=40754d667b04d1b83615b75f7594af0a</a>

CLIENT -> SERVER: 

CLIENT -> SERVER: .

SERVER -> CLIENT: 250 2.0.0 OK  1748259249 d9443c01a7336-2348a187351sm3318225ad.94 - gsmtp

CLIENT -> SERVER: QUIT

SERVER -> CLIENT: 221 2.0.0 closing connection d9443c01a7336-2348a187351sm3318225ad.94 - gsmtp

SERVER -> CLIENT: 220 smtp.gmail.com ESMTP d9443c01a7336-23211e75f58sm141724795ad.252 - gsmtp

CLIENT -> SERVER: EHLO localhost

SERVER -> CLIENT: 250-smtp.gmail.com at your service, [120.29.69.138]
250-SIZE 35882577
250-8BITMIME
250-STARTTLS
250-ENHANCEDSTATUSCODES
250-PIPELINING
250-CHUNKING
250 SMTPUTF8

CLIENT -> SERVER: STARTTLS

SERVER -> CLIENT: 220 2.0.0 Ready to start TLS

CLIENT -> SERVER: EHLO localhost

SERVER -> CLIENT: 250-smtp.gmail.com at your service, [120.29.69.138]
250-SIZE 35882577
250-8BITMIME
250-AUTH LOGIN PLAIN XOAUTH2 PLAIN-CLIENTTOKEN OAUTHBEARER XOAUTH
250-ENHANCEDSTATUSCODES
250-PIPELINING
250-CHUNKING
250 SMTPUTF8

CLIENT -> SERVER: AUTH LOGIN

SERVER -> CLIENT: 334 VXNlcm5hbWU6

CLIENT -> SERVER: [credentials hidden]
SERVER -> CLIENT: 334 UGFzc3dvcmQ6

CLIENT -> SERVER: [credentials hidden]
SERVER -> CLIENT: 235 2.7.0 Accepted

CLIENT -> SERVER: MAIL FROM:<your_new_gmail@gmail.com>

SERVER -> CLIENT: 250 2.1.0 OK d9443c01a7336-23211e75f58sm141724795ad.252 - gsmtp

CLIENT -> SERVER: RCPT TO:<donpogi35@gmail.com>

SERVER -> CLIENT: 250 2.1.5 OK d9443c01a7336-23211e75f58sm141724795ad.252 - gsmtp

CLIENT -> SERVER: DATA

SERVER -> CLIENT: 354 Go ahead d9443c01a7336-23211e75f58sm141724795ad.252 - gsmtp

CLIENT -> SERVER: Date: Mon, 26 May 2025 14:21:41 +0200

CLIENT -> SERVER: To: donpogi35@gmail.com

CLIENT -> SERVER: From: PFRolex <your_new_gmail@gmail.com>

CLIENT -> SERVER: Subject: PFRolex Account Verification

CLIENT -> SERVER: Message-ID: <f4kHVl3LwidaZlEZlpwRpPzC7JFx6iQLlHVQLTNoIg@localhost>

CLIENT -> SERVER: X-Mailer: PHPMailer 6.10.0 (https://github.com/PHPMailer/PHPMailer)

CLIENT -> SERVER: MIME-Version: 1.0

CLIENT -> SERVER: Content-Type: text/html; charset=iso-8859-1

CLIENT -> SERVER: 

CLIENT -> SERVER: <h2>Welcome to PFRolex!</h2><p>Click the link below to verify your email and activate your account:</p><a href='http://localhost/RolexniMossingv2/verify.php?token=8975c78a2c2b71a0489c0b7ce4c227f0'>http://localhost/RolexniMossingv2/verify.php?token=8975c78a2c2b71a0489c0b7ce4c227f0</a>

CLIENT -> SERVER: 

CLIENT -> SERVER: .

SERVER -> CLIENT: 250 2.0.0 OK  1748262102 d9443c01a7336-23211e75f58sm141724795ad.252 - gsmtp

CLIENT -> SERVER: QUIT

SERVER -> CLIENT: 221 2.0.0 closing connection d9443c01a7336-23211e75f58sm141724795ad.252 - gsmtp

SERVER -> CLIENT: 220 smtp.gmail.com ESMTP d2e1a72fcca58-74615ea6f94sm1316602b3a.10 - gsmtp

CLIENT -> SERVER: EHLO localhost

SERVER -> CLIENT: 250-smtp.gmail.com at your service, [120.29.69.138]
250-SIZE 35882577
250-8BITMIME
250-STARTTLS
250-ENHANCEDSTATUSCODES
250-PIPELINING
250-CHUNKING
250 SMTPUTF8

CLIENT -> SERVER: STARTTLS

SERVER -> CLIENT: 220 2.0.0 Ready to start TLS

CLIENT -> SERVER: EHLO localhost

SERVER -> CLIENT: 250-smtp.gmail.com at your service, [120.29.69.138]
250-SIZE 35882577
250-8BITMIME
250-AUTH LOGIN PLAIN XOAUTH2 PLAIN-CLIENTTOKEN OAUTHBEARER XOAUTH
250-ENHANCEDSTATUSCODES
250-PIPELINING
250-CHUNKING
250 SMTPUTF8

CLIENT -> SERVER: AUTH LOGIN

SERVER -> CLIENT: 334 VXNlcm5hbWU6

CLIENT -> SERVER: [credentials hidden]
SERVER -> CLIENT: 334 UGFzc3dvcmQ6

CLIENT -> SERVER: [credentials hidden]
SERVER -> CLIENT: 235 2.7.0 Accepted

CLIENT -> SERVER: MAIL FROM:<your_new_gmail@gmail.com>

SERVER -> CLIENT: 250 2.1.0 OK d2e1a72fcca58-74615ea6f94sm1316602b3a.10 - gsmtp

CLIENT -> SERVER: RCPT TO:<donpogi35@gmail.com>

SERVER -> CLIENT: 250 2.1.5 OK d2e1a72fcca58-74615ea6f94sm1316602b3a.10 - gsmtp

CLIENT -> SERVER: DATA

SERVER -> CLIENT: 354 Go ahead d2e1a72fcca58-74615ea6f94sm1316602b3a.10 - gsmtp

CLIENT -> SERVER: Date: Mon, 26 May 2025 14:46:05 +0200

CLIENT -> SERVER: To: donpogi35@gmail.com

CLIENT -> SERVER: From: PFRolex <your_new_gmail@gmail.com>

CLIENT -> SERVER: Subject: PFRolex Account Verification

CLIENT -> SERVER: Message-ID: <n4bndqmplH2Gv860PpAC2hqmM9mwzoislMDWkFwlEo@localhost>

CLIENT -> SERVER: X-Mailer: PHPMailer 6.10.0 (https://github.com/PHPMailer/PHPMailer)

CLIENT -> SERVER: MIME-Version: 1.0

CLIENT -> SERVER: Content-Type: text/html; charset=iso-8859-1

CLIENT -> SERVER: 

CLIENT -> SERVER: <h2>Welcome to PFRolex!</h2><p>Click the link below to verify your email and activate your account:</p><a href='http://localhost/RolexniMossingv2/verify.php?token=3ddae981320a3f07d583adfcd69a010a'>http://localhost/RolexniMossingv2/verify.php?token=3ddae981320a3f07d583adfcd69a010a</a>

CLIENT -> SERVER: 

CLIENT -> SERVER: .

SERVER -> CLIENT: 250 2.0.0 OK  1748263568 d2e1a72fcca58-74615ea6f94sm1316602b3a.10 - gsmtp

CLIENT -> SERVER: QUIT

SERVER -> CLIENT: 221 2.0.0 closing connection d2e1a72fcca58-74615ea6f94sm1316602b3a.10 - gsmtp

SERVER -> CLIENT: 220 smtp.gmail.com ESMTP 41be03b00d2f7-b26eaf96573sm17001602a12.43 - gsmtp

CLIENT -> SERVER: EHLO localhost

SERVER -> CLIENT: 250-smtp.gmail.com at your service, [120.29.69.138]
250-SIZE 35882577
250-8BITMIME
250-STARTTLS
250-ENHANCEDSTATUSCODES
250-PIPELINING
250-CHUNKING
250 SMTPUTF8

CLIENT -> SERVER: STARTTLS

SERVER -> CLIENT: 220 2.0.0 Ready to start TLS

CLIENT -> SERVER: EHLO localhost

SERVER -> CLIENT: 250-smtp.gmail.com at your service, [120.29.69.138]
250-SIZE 35882577
250-8BITMIME
250-AUTH LOGIN PLAIN XOAUTH2 PLAIN-CLIENTTOKEN OAUTHBEARER XOAUTH
250-ENHANCEDSTATUSCODES
250-PIPELINING
250-CHUNKING
250 SMTPUTF8

CLIENT -> SERVER: AUTH LOGIN

SERVER -> CLIENT: 334 VXNlcm5hbWU6

CLIENT -> SERVER: [credentials hidden]
SERVER -> CLIENT: 334 UGFzc3dvcmQ6

CLIENT -> SERVER: [credentials hidden]
SERVER -> CLIENT: 235 2.7.0 Accepted

CLIENT -> SERVER: MAIL FROM:<your_new_gmail@gmail.com>

SERVER -> CLIENT: 250 2.1.0 OK 41be03b00d2f7-b26eaf96573sm17001602a12.43 - gsmtp

CLIENT -> SERVER: RCPT TO:<donpogi35@gmail.com>

SERVER -> CLIENT: 250 2.1.5 OK 41be03b00d2f7-b26eaf96573sm17001602a12.43 - gsmtp

CLIENT -> SERVER: DATA

SERVER -> CLIENT: 354 Go ahead 41be03b00d2f7-b26eaf96573sm17001602a12.43 - gsmtp

CLIENT -> SERVER: Date: Mon, 26 May 2025 15:10:40 +0200

CLIENT -> SERVER: To: donpogi35@gmail.com

CLIENT -> SERVER: From: PFRolex <your_new_gmail@gmail.com>

CLIENT -> SERVER: Subject: PFRolex Account Verification

CLIENT -> SERVER: Message-ID: <8VHn1rvakhETNyZAK2HDrjmUAw2wTj9YQVoxTfoYdA@localhost>

CLIENT -> SERVER: X-Mailer: PHPMailer 6.10.0 (https://github.com/PHPMailer/PHPMailer)

CLIENT -> SERVER: MIME-Version: 1.0

CLIENT -> SERVER: Content-Type: text/html; charset=iso-8859-1

CLIENT -> SERVER: 

CLIENT -> SERVER: <h2>Welcome to PFRolex!</h2><p>Click the link below to verify your email and activate your account:</p><a href='http://localhost/RolexniMossingv2/verify.php?token=ce03596d5e4d5c9eb046760d2f950875'>http://localhost/RolexniMossingv2/verify.php?token=ce03596d5e4d5c9eb046760d2f950875</a>

CLIENT -> SERVER: 

CLIENT -> SERVER: .

SERVER -> CLIENT: 250 2.0.0 OK  1748265043 41be03b00d2f7-b26eaf96573sm17001602a12.43 - gsmtp

CLIENT -> SERVER: QUIT

SERVER -> CLIENT: 221 2.0.0 closing connection 41be03b00d2f7-b26eaf96573sm17001602a12.43 - gsmtp

